<?xml version="1.0" encoding="UTF-8" ?>
<testsuite tests="2" failures="0" name="wefun.CategoryDAOTest" time="0.002" errors="2" skipped="0">
  <properties>
    <property name="java.runtime.name" value="Java(TM) SE Runtime Environment"/>
    <property name="sun.boot.library.path" value="C:\Program Files\Java\jre1.8.0_101\bin"/>
    <property name="java.vm.version" value="25.101-b13"/>
    <property name="java.vm.vendor" value="Oracle Corporation"/>
    <property name="maven.multiModuleProjectDirectory" value="D:\workspace\wefun"/>
    <property name="java.vendor.url" value="http://java.oracle.com/"/>
    <property name="path.separator" value=";"/>
    <property name="guice.disable.misplaced.annotation.check" value="true"/>
    <property name="java.vm.name" value="Java HotSpot(TM) 64-Bit Server VM"/>
    <property name="file.encoding.pkg" value="sun.io"/>
    <property name="user.script" value=""/>
    <property name="user.country" value="CN"/>
    <property name="sun.java.launcher" value="SUN_STANDARD"/>
    <property name="sun.os.patch.level" value=""/>
    <property name="java.vm.specification.name" value="Java Virtual Machine Specification"/>
    <property name="user.dir" value="D:\workspace\wefun"/>
    <property name="java.runtime.version" value="1.8.0_101-b13"/>
    <property name="java.awt.graphicsenv" value="sun.awt.Win32GraphicsEnvironment"/>
    <property name="java.endorsed.dirs" value="C:\Program Files\Java\jre1.8.0_101\lib\endorsed"/>
    <property name="os.arch" value="amd64"/>
    <property name="java.io.tmpdir" value="C:\Users\DONGYA~1\AppData\Local\Temp\"/>
    <property name="line.separator" value="
"/>
    <property name="java.vm.specification.vendor" value="Oracle Corporation"/>
    <property name="user.variant" value=""/>
    <property name="os.name" value="Windows 10"/>
    <property name="classworlds.conf" value="D:\workspace\.metadata\.plugins\org.eclipse.m2e.launching\launches\m2conf8532408562296977762.tmp"/>
    <property name="sun.jnu.encoding" value="GBK"/>
    <property name="java.library.path" value="C:\Program Files\Java\jre1.8.0_101\bin;C:\Windows\Sun\Java\bin;C:\Windows\system32;C:\Windows;C:/Program Files/Java/jre1.8.0_101/bin/server;C:/Program Files/Java/jre1.8.0_101/bin;C:/Program Files/Java/jre1.8.0_101/lib/amd64;C:\Python\Scripts\;C:\Python\;C:\Program Files (x86)\Common Files\NetSarang;C:\ProgramData\Oracle\Java\javapath;C:\Windows\system32;C:\Windows;C:\Windows\System32\Wbem;C:\Windows\System32\WindowsPowerShell\v1.0\;C:\Program Files (x86)\NVIDIA Corporation\PhysX\Common;C:\Program Files\Java\jdk1.8.0_101\bin;C:\Program Files\Java\jdk1.8.0_101\jre\bin;D:\TortoiseSvn\bin;D:\GO\bin;C:\Program Files\TortoiseGit\bin;C:\Users\dongyangyang\AppData\Local\Microsoft\WindowsApps;;C:\Users\dongyangyang\Desktop;;."/>
    <property name="java.specification.name" value="Java Platform API Specification"/>
    <property name="java.class.version" value="52.0"/>
    <property name="sun.management.compiler" value="HotSpot 64-Bit Tiered Compilers"/>
    <property name="os.version" value="10.0"/>
    <property name="user.home" value="C:\Users\dongyangyang"/>
    <property name="user.timezone" value="Asia/Shanghai"/>
    <property name="java.awt.printerjob" value="sun.awt.windows.WPrinterJob"/>
    <property name="java.specification.version" value="1.8"/>
    <property name="file.encoding" value="GBK"/>
    <property name="user.name" value="dongyangyang"/>
    <property name="java.class.path" value="/C:/Users/dongyangyang/.p2/pool/plugins/org.eclipse.m2e.maven.runtime_1.7.0.20160603-1931/jars/plexus-classworlds-2.5.2.jar"/>
    <property name="java.vm.specification.version" value="1.8"/>
    <property name="sun.arch.data.model" value="64"/>
    <property name="java.home" value="C:\Program Files\Java\jre1.8.0_101"/>
    <property name="sun.java.command" value="org.codehaus.plexus.classworlds.launcher.Launcher -B -gs D:\maven\apache-maven-3.3.9\conf\settings.xml -s D:\maven\apache-maven-3.3.9\conf\settings.xml package"/>
    <property name="java.specification.vendor" value="Oracle Corporation"/>
    <property name="user.language" value="zh"/>
    <property name="awt.toolkit" value="sun.awt.windows.WToolkit"/>
    <property name="java.vm.info" value="mixed mode"/>
    <property name="java.version" value="1.8.0_101"/>
    <property name="java.ext.dirs" value="C:\Program Files\Java\jre1.8.0_101\lib\ext;C:\Windows\Sun\Java\lib\ext"/>
    <property name="sun.boot.class.path" value="C:\Program Files\Java\jre1.8.0_101\lib\resources.jar;C:\Program Files\Java\jre1.8.0_101\lib\rt.jar;C:\Program Files\Java\jre1.8.0_101\lib\sunrsasign.jar;C:\Program Files\Java\jre1.8.0_101\lib\jsse.jar;C:\Program Files\Java\jre1.8.0_101\lib\jce.jar;C:\Program Files\Java\jre1.8.0_101\lib\charsets.jar;C:\Program Files\Java\jre1.8.0_101\lib\jfr.jar;C:\Program Files\Java\jre1.8.0_101\classes"/>
    <property name="java.vendor" value="Oracle Corporation"/>
    <property name="maven.home" value="D:\workspace\wefun\EMBEDDED"/>
    <property name="file.separator" value="\"/>
    <property name="java.vendor.url.bug" value="http://bugreport.sun.com/bugreport/"/>
    <property name="sun.cpu.endian" value="little"/>
    <property name="sun.io.unicode.encoding" value="UnicodeLittle"/>
    <property name="sun.desktop" value="windows"/>
    <property name="sun.cpu.isalist" value="amd64"/>
  </properties>
  <testcase classname="wefun.CategoryDAOTest" name="add" time="0.001">
    <error message="javax/servlet/http/HttpServletRequest" type="java.lang.NoClassDefFoundError">java.lang.NoClassDefFoundError: javax/servlet/http/HttpServletRequest
	at java.lang.Class.getDeclaredMethods0(Native Method)
	at java.lang.Class.privateGetDeclaredMethods(Unknown Source)
	at java.lang.Class.getDeclaredMethods(Unknown Source)
	at org.springframework.util.ReflectionUtils.getDeclaredMethods(ReflectionUtils.java:612)
	at org.springframework.util.ReflectionUtils.doWithMethods(ReflectionUtils.java:524)
	at org.springframework.util.ReflectionUtils.doWithMethods(ReflectionUtils.java:510)
	at org.springframework.beans.factory.annotation.AutowiredAnnotationBeanPostProcessor.determineCandidateConstructors(AutowiredAnnotationBeanPostProcessor.java:243)
	at org.springframework.beans.factory.support.AbstractAutowireCapableBeanFactory.determineConstructorsFromBeanPostProcessors(AbstractAutowireCapableBeanFactory.java:1074)
	at org.springframework.beans.factory.support.AbstractAutowireCapableBeanFactory.createBeanInstance(AbstractAutowireCapableBeanFactory.java:1047)
	at org.springframework.beans.factory.support.AbstractAutowireCapableBeanFactory.doCreateBean(AbstractAutowireCapableBeanFactory.java:510)
	at org.springframework.beans.factory.support.AbstractAutowireCapableBeanFactory.createBean(AbstractAutowireCapableBeanFactory.java:482)
	at org.springframework.beans.factory.support.AbstractBeanFactory$1.getObject(AbstractBeanFactory.java:306)
	at org.springframework.beans.factory.support.DefaultSingletonBeanRegistry.getSingleton(DefaultSingletonBeanRegistry.java:230)
	at org.springframework.beans.factory.support.AbstractBeanFactory.doGetBean(AbstractBeanFactory.java:302)
	at org.springframework.beans.factory.support.AbstractBeanFactory.getBean(AbstractBeanFactory.java:197)
	at org.springframework.beans.factory.support.DefaultListableBeanFactory.preInstantiateSingletons(DefaultListableBeanFactory.java:751)
	at org.springframework.context.support.AbstractApplicationContext.finishBeanFactoryInitialization(AbstractApplicationContext.java:861)
	at org.springframework.context.support.AbstractApplicationContext.refresh(AbstractApplicationContext.java:541)
	at org.springframework.test.context.support.AbstractGenericContextLoader.loadContext(AbstractGenericContextLoader.java:128)
	at org.springframework.test.context.support.AbstractGenericContextLoader.loadContext(AbstractGenericContextLoader.java:60)
	at org.springframework.test.context.support.AbstractDelegatingSmartContextLoader.delegateLoading(AbstractDelegatingSmartContextLoader.java:108)
	at org.springframework.test.context.support.AbstractDelegatingSmartContextLoader.loadContext(AbstractDelegatingSmartContextLoader.java:251)
	at org.springframework.test.context.cache.DefaultCacheAwareContextLoaderDelegate.loadContextInternal(DefaultCacheAwareContextLoaderDelegate.java:98)
	at org.springframework.test.context.cache.DefaultCacheAwareContextLoaderDelegate.loadContext(DefaultCacheAwareContextLoaderDelegate.java:116)
	at org.springframework.test.context.support.DefaultTestContext.getApplicationContext(DefaultTestContext.java:83)
	at org.springframework.test.context.support.DependencyInjectionTestExecutionListener.injectDependencies(DependencyInjectionTestExecutionListener.java:117)
	at org.springframework.test.context.support.DependencyInjectionTestExecutionListener.prepareTestInstance(DependencyInjectionTestExecutionListener.java:83)
	at org.springframework.test.context.TestContextManager.prepareTestInstance(TestContextManager.java:230)
	at org.springframework.test.context.junit4.SpringJUnit4ClassRunner.createTest(SpringJUnit4ClassRunner.java:228)
	at org.springframework.test.context.junit4.SpringJUnit4ClassRunner$1.runReflectiveCall(SpringJUnit4ClassRunner.java:287)
	at org.junit.internal.runners.model.ReflectiveCallable.run(ReflectiveCallable.java:12)
	at org.springframework.test.context.junit4.SpringJUnit4ClassRunner.methodBlock(SpringJUnit4ClassRunner.java:289)
	at org.springframework.test.context.junit4.SpringJUnit4ClassRunner.runChild(SpringJUnit4ClassRunner.java:247)
	at org.springframework.test.context.junit4.SpringJUnit4ClassRunner.runChild(SpringJUnit4ClassRunner.java:94)
	at org.junit.runners.ParentRunner$3.run(ParentRunner.java:290)
	at org.junit.runners.ParentRunner$1.schedule(ParentRunner.java:71)
	at org.junit.runners.ParentRunner.runChildren(ParentRunner.java:288)
	at org.junit.runners.ParentRunner.access$000(ParentRunner.java:58)
	at org.junit.runners.ParentRunner$2.evaluate(ParentRunner.java:268)
	at org.springframework.test.context.junit4.statements.RunBeforeTestClassCallbacks.evaluate(RunBeforeTestClassCallbacks.java:61)
	at org.springframework.test.context.junit4.statements.RunAfterTestClassCallbacks.evaluate(RunAfterTestClassCallbacks.java:70)
	at org.junit.runners.ParentRunner.run(ParentRunner.java:363)
	at org.springframework.test.context.junit4.SpringJUnit4ClassRunner.run(SpringJUnit4ClassRunner.java:191)
	at org.apache.maven.surefire.junit4.JUnit4Provider.execute(JUnit4Provider.java:252)
	at org.apache.maven.surefire.junit4.JUnit4Provider.executeTestSet(JUnit4Provider.java:141)
	at org.apache.maven.surefire.junit4.JUnit4Provider.invoke(JUnit4Provider.java:112)
	at sun.reflect.NativeMethodAccessorImpl.invoke0(Native Method)
	at sun.reflect.NativeMethodAccessorImpl.invoke(Unknown Source)
	at sun.reflect.DelegatingMethodAccessorImpl.invoke(Unknown Source)
	at java.lang.reflect.Method.invoke(Unknown Source)
	at org.apache.maven.surefire.util.ReflectionUtils.invokeMethodWithArray(ReflectionUtils.java:189)
	at org.apache.maven.surefire.booter.ProviderFactory$ProviderProxy.invoke(ProviderFactory.java:165)
	at org.apache.maven.surefire.booter.ProviderFactory.invokeProvider(ProviderFactory.java:85)
	at org.apache.maven.surefire.booter.ForkedBooter.runSuitesInProcess(ForkedBooter.java:115)
	at org.apache.maven.surefire.booter.ForkedBooter.main(ForkedBooter.java:75)
Caused by: java.lang.ClassNotFoundException: javax.servlet.http.HttpServletRequest
	at java.net.URLClassLoader.findClass(Unknown Source)
	at java.lang.ClassLoader.loadClass(Unknown Source)
	at sun.misc.Launcher$AppClassLoader.loadClass(Unknown Source)
	at java.lang.ClassLoader.loadClass(Unknown Source)
	... 55 more
</error>
    <system-out>[GRYF]2017-09-19 16:58:58,424 INFO [org.springframework.test.context.support.DefaultTestContextBootstrapper] - &lt;Loaded default TestExecutionListener class names from location [META-INF/spring.factories]: [org.springframework.test.context.web.ServletTestExecutionListener, org.springframework.test.context.support.DirtiesContextBeforeModesTestExecutionListener, org.springframework.test.context.support.DependencyInjectionTestExecutionListener, org.springframework.test.context.support.DirtiesContextTestExecutionListener, org.springframework.test.context.transaction.TransactionalTestExecutionListener, org.springframework.test.context.jdbc.SqlScriptsTestExecutionListener]&gt;
[GRYF]2017-09-19 16:58:58,427 INFO [org.springframework.test.context.support.DefaultTestContextBootstrapper] - &lt;Could not instantiate TestExecutionListener [org.springframework.test.context.web.ServletTestExecutionListener]. Specify custom listener classes or make the default listener classes (and their required dependencies) available. Offending class: [javax/servlet/ServletContext]&gt;
[GRYF]2017-09-19 16:58:58,438 INFO [org.springframework.test.context.support.DefaultTestContextBootstrapper] - &lt;Using TestExecutionListeners: [org.springframework.test.context.support.DirtiesContextBeforeModesTestExecutionListener@5ec0a365, org.springframework.test.context.support.DependencyInjectionTestExecutionListener@4fe3c938, org.springframework.test.context.support.DirtiesContextTestExecutionListener@5383967b, org.springframework.test.context.transaction.TransactionalTestExecutionListener@2ac273d3, org.springframework.test.context.jdbc.SqlScriptsTestExecutionListener@71423665]&gt;
[GRYF]2017-09-19 16:58:58,494 INFO [org.springframework.beans.factory.xml.XmlBeanDefinitionReader] - &lt;Loading XML bean definitions from class path resource [applicationContext.xml]&gt;
[GRYF]2017-09-19 16:58:58,643 INFO [org.springframework.beans.factory.xml.XmlBeanDefinitionReader] - &lt;Loading XML bean definitions from class path resource [spring-mybatis.xml]&gt;
[GRYF]2017-09-19 16:58:58,671 INFO [org.springframework.context.support.GenericApplicationContext] - &lt;Refreshing org.springframework.context.support.GenericApplicationContext@68bbe345: startup date [Tue Sep 19 16:58:58 CST 2017]; root of context hierarchy&gt;
[GRYF]2017-09-19 16:58:58,758 DEBUG [org.mybatis.spring.mapper.ClassPathMapperScanner] - &lt;Identified candidate component class: file [D:\workspace\wefun\target\classes\wefun\dao\mysql\CategoryDAO.class]&gt;
[GRYF]2017-09-19 16:58:58,758 DEBUG [org.mybatis.spring.mapper.ClassPathMapperScanner] - &lt;Identified candidate component class: file [D:\workspace\wefun\target\classes\wefun\dao\mysql\ContentDAO.class]&gt;
[GRYF]2017-09-19 16:58:58,758 DEBUG [org.mybatis.spring.mapper.ClassPathMapperScanner] - &lt;Identified candidate component class: file [D:\workspace\wefun\target\classes\wefun\dao\mysql\InformationDAO.class]&gt;
[GRYF]2017-09-19 16:58:58,759 DEBUG [org.mybatis.spring.mapper.ClassPathMapperScanner] - &lt;Identified candidate component class: file [D:\workspace\wefun\target\classes\wefun\dao\mysql\InviteCodeDAO.class]&gt;
[GRYF]2017-09-19 16:58:58,759 DEBUG [org.mybatis.spring.mapper.ClassPathMapperScanner] - &lt;Identified candidate component class: file [D:\workspace\wefun\target\classes\wefun\dao\mysql\PartnerDAO.class]&gt;
[GRYF]2017-09-19 16:58:58,759 DEBUG [org.mybatis.spring.mapper.ClassPathMapperScanner] - &lt;Identified candidate component class: file [D:\workspace\wefun\target\classes\wefun\dao\mysql\ResourceDAO.class]&gt;
[GRYF]2017-09-19 16:58:58,759 DEBUG [org.mybatis.spring.mapper.ClassPathMapperScanner] - &lt;Identified candidate component class: file [D:\workspace\wefun\target\classes\wefun\dao\mysql\TeamDAO.class]&gt;
[GRYF]2017-09-19 16:58:58,759 DEBUG [org.mybatis.spring.mapper.ClassPathMapperScanner] - &lt;Identified candidate component class: file [D:\workspace\wefun\target\classes\wefun\dao\mysql\UserDAO.class]&gt;
[GRYF]2017-09-19 16:58:58,760 DEBUG [org.mybatis.spring.mapper.ClassPathMapperScanner] - &lt;Creating MapperFactoryBean with name &apos;categoryDAO&apos; and &apos;wefun.dao.mysql.CategoryDAO&apos; mapperInterface&gt;
[GRYF]2017-09-19 16:58:58,760 DEBUG [org.mybatis.spring.mapper.ClassPathMapperScanner] - &lt;Creating MapperFactoryBean with name &apos;contentDAO&apos; and &apos;wefun.dao.mysql.ContentDAO&apos; mapperInterface&gt;
[GRYF]2017-09-19 16:58:58,761 DEBUG [org.mybatis.spring.mapper.ClassPathMapperScanner] - &lt;Creating MapperFactoryBean with name &apos;informationDAO&apos; and &apos;wefun.dao.mysql.InformationDAO&apos; mapperInterface&gt;
[GRYF]2017-09-19 16:58:58,761 DEBUG [org.mybatis.spring.mapper.ClassPathMapperScanner] - &lt;Creating MapperFactoryBean with name &apos;inviteCodeDAO&apos; and &apos;wefun.dao.mysql.InviteCodeDAO&apos; mapperInterface&gt;
[GRYF]2017-09-19 16:58:58,761 DEBUG [org.mybatis.spring.mapper.ClassPathMapperScanner] - &lt;Creating MapperFactoryBean with name &apos;partnerDAO&apos; and &apos;wefun.dao.mysql.PartnerDAO&apos; mapperInterface&gt;
[GRYF]2017-09-19 16:58:58,761 DEBUG [org.mybatis.spring.mapper.ClassPathMapperScanner] - &lt;Creating MapperFactoryBean with name &apos;resourceDAO&apos; and &apos;wefun.dao.mysql.ResourceDAO&apos; mapperInterface&gt;
[GRYF]2017-09-19 16:58:58,761 DEBUG [org.mybatis.spring.mapper.ClassPathMapperScanner] - &lt;Creating MapperFactoryBean with name &apos;teamDAO&apos; and &apos;wefun.dao.mysql.TeamDAO&apos; mapperInterface&gt;
[GRYF]2017-09-19 16:58:58,761 DEBUG [org.mybatis.spring.mapper.ClassPathMapperScanner] - &lt;Creating MapperFactoryBean with name &apos;userDAO&apos; and &apos;wefun.dao.mysql.UserDAO&apos; mapperInterface&gt;
[GRYF]2017-09-19 16:58:58,770 INFO [org.springframework.context.support.PropertySourcesPlaceholderConfigurer] - &lt;Loading properties file from class path resource [jdbc.properties]&gt;
[GRYF]2017-09-19 16:58:58,771 INFO [org.springframework.context.support.PropertySourcesPlaceholderConfigurer] - &lt;Loading properties file from class path resource [ali.properties]&gt;
[GRYF]2017-09-19 16:58:58,814 ERROR [org.springframework.test.context.TestContextManager] - &lt;Caught exception while allowing TestExecutionListener [org.springframework.test.context.support.DependencyInjectionTestExecutionListener@4fe3c938] to prepare test instance [wefun.CategoryDAOTest@11bd0f3b]&gt;
java.lang.NoClassDefFoundError: javax/servlet/http/HttpServletRequest
	at java.lang.Class.getDeclaredMethods0(Native Method)
	at java.lang.Class.privateGetDeclaredMethods(Unknown Source)
	at java.lang.Class.getDeclaredMethods(Unknown Source)
	at org.springframework.util.ReflectionUtils.getDeclaredMethods(ReflectionUtils.java:612)
	at org.springframework.util.ReflectionUtils.doWithMethods(ReflectionUtils.java:524)
	at org.springframework.util.ReflectionUtils.doWithMethods(ReflectionUtils.java:510)
	at org.springframework.beans.factory.annotation.AutowiredAnnotationBeanPostProcessor.determineCandidateConstructors(AutowiredAnnotationBeanPostProcessor.java:243)
	at org.springframework.beans.factory.support.AbstractAutowireCapableBeanFactory.determineConstructorsFromBeanPostProcessors(AbstractAutowireCapableBeanFactory.java:1074)
	at org.springframework.beans.factory.support.AbstractAutowireCapableBeanFactory.createBeanInstance(AbstractAutowireCapableBeanFactory.java:1047)
	at org.springframework.beans.factory.support.AbstractAutowireCapableBeanFactory.doCreateBean(AbstractAutowireCapableBeanFactory.java:510)
	at org.springframework.beans.factory.support.AbstractAutowireCapableBeanFactory.createBean(AbstractAutowireCapableBeanFactory.java:482)
	at org.springframework.beans.factory.support.AbstractBeanFactory$1.getObject(AbstractBeanFactory.java:306)
	at org.springframework.beans.factory.support.DefaultSingletonBeanRegistry.getSingleton(DefaultSingletonBeanRegistry.java:230)
	at org.springframework.beans.factory.support.AbstractBeanFactory.doGetBean(AbstractBeanFactory.java:302)
	at org.springframework.beans.factory.support.AbstractBeanFactory.getBean(AbstractBeanFactory.java:197)
	at org.springframework.beans.factory.support.DefaultListableBeanFactory.preInstantiateSingletons(DefaultListableBeanFactory.java:751)
	at org.springframework.context.support.AbstractApplicationContext.finishBeanFactoryInitialization(AbstractApplicationContext.java:861)
	at org.springframework.context.support.AbstractApplicationContext.refresh(AbstractApplicationContext.java:541)
	at org.springframework.test.context.support.AbstractGenericContextLoader.loadContext(AbstractGenericContextLoader.java:128)
	at org.springframework.test.context.support.AbstractGenericContextLoader.loadContext(AbstractGenericContextLoader.java:60)
	at org.springframework.test.context.support.AbstractDelegatingSmartContextLoader.delegateLoading(AbstractDelegatingSmartContextLoader.java:108)
	at org.springframework.test.context.support.AbstractDelegatingSmartContextLoader.loadContext(AbstractDelegatingSmartContextLoader.java:251)
	at org.springframework.test.context.cache.DefaultCacheAwareContextLoaderDelegate.loadContextInternal(DefaultCacheAwareContextLoaderDelegate.java:98)
	at org.springframework.test.context.cache.DefaultCacheAwareContextLoaderDelegate.loadContext(DefaultCacheAwareContextLoaderDelegate.java:116)
	at org.springframework.test.context.support.DefaultTestContext.getApplicationContext(DefaultTestContext.java:83)
	at org.springframework.test.context.support.DependencyInjectionTestExecutionListener.injectDependencies(DependencyInjectionTestExecutionListener.java:117)
	at org.springframework.test.context.support.DependencyInjectionTestExecutionListener.prepareTestInstance(DependencyInjectionTestExecutionListener.java:83)
	at org.springframework.test.context.TestContextManager.prepareTestInstance(TestContextManager.java:230)
	at org.springframework.test.context.junit4.SpringJUnit4ClassRunner.createTest(SpringJUnit4ClassRunner.java:228)
	at org.springframework.test.context.junit4.SpringJUnit4ClassRunner$1.runReflectiveCall(SpringJUnit4ClassRunner.java:287)
	at org.junit.internal.runners.model.ReflectiveCallable.run(ReflectiveCallable.java:12)
	at org.springframework.test.context.junit4.SpringJUnit4ClassRunner.methodBlock(SpringJUnit4ClassRunner.java:289)
	at org.springframework.test.context.junit4.SpringJUnit4ClassRunner.runChild(SpringJUnit4ClassRunner.java:247)
	at org.springframework.test.context.junit4.SpringJUnit4ClassRunner.runChild(SpringJUnit4ClassRunner.java:94)
	at org.junit.runners.ParentRunner$3.run(ParentRunner.java:290)
	at org.junit.runners.ParentRunner$1.schedule(ParentRunner.java:71)
	at org.junit.runners.ParentRunner.runChildren(ParentRunner.java:288)
	at org.junit.runners.ParentRunner.access$000(ParentRunner.java:58)
	at org.junit.runners.ParentRunner$2.evaluate(ParentRunner.java:268)
	at org.springframework.test.context.junit4.statements.RunBeforeTestClassCallbacks.evaluate(RunBeforeTestClassCallbacks.java:61)
	at org.springframework.test.context.junit4.statements.RunAfterTestClassCallbacks.evaluate(RunAfterTestClassCallbacks.java:70)
	at org.junit.runners.ParentRunner.run(ParentRunner.java:363)
	at org.springframework.test.context.junit4.SpringJUnit4ClassRunner.run(SpringJUnit4ClassRunner.java:191)
	at org.apache.maven.surefire.junit4.JUnit4Provider.execute(JUnit4Provider.java:252)
	at org.apache.maven.surefire.junit4.JUnit4Provider.executeTestSet(JUnit4Provider.java:141)
	at org.apache.maven.surefire.junit4.JUnit4Provider.invoke(JUnit4Provider.java:112)
	at sun.reflect.NativeMethodAccessorImpl.invoke0(Native Method)
	at sun.reflect.NativeMethodAccessorImpl.invoke(Unknown Source)
	at sun.reflect.DelegatingMethodAccessorImpl.invoke(Unknown Source)
	at java.lang.reflect.Method.invoke(Unknown Source)
	at org.apache.maven.surefire.util.ReflectionUtils.invokeMethodWithArray(ReflectionUtils.java:189)
	at org.apache.maven.surefire.booter.ProviderFactory$ProviderProxy.invoke(ProviderFactory.java:165)
	at org.apache.maven.surefire.booter.ProviderFactory.invokeProvider(ProviderFactory.java:85)
	at org.apache.maven.surefire.booter.ForkedBooter.runSuitesInProcess(ForkedBooter.java:115)
	at org.apache.maven.surefire.booter.ForkedBooter.main(ForkedBooter.java:75)
Caused by: java.lang.ClassNotFoundException: javax.servlet.http.HttpServletRequest
	at java.net.URLClassLoader.findClass(Unknown Source)
	at java.lang.ClassLoader.loadClass(Unknown Source)
	at sun.misc.Launcher$AppClassLoader.loadClass(Unknown Source)
	at java.lang.ClassLoader.loadClass(Unknown Source)
	... 55 more
</system-out>
  </testcase>
  <testcase classname="wefun.CategoryDAOTest" name="test1" time="0.001">
    <error message="javax/servlet/http/HttpServletRequest" type="java.lang.NoClassDefFoundError">java.lang.NoClassDefFoundError: javax/servlet/http/HttpServletRequest
	at java.lang.Class.getDeclaredMethods0(Native Method)
	at java.lang.Class.privateGetDeclaredMethods(Unknown Source)
	at java.lang.Class.getDeclaredMethods(Unknown Source)
	at org.springframework.util.ReflectionUtils.getDeclaredMethods(ReflectionUtils.java:612)
	at org.springframework.util.ReflectionUtils.doWithMethods(ReflectionUtils.java:524)
	at org.springframework.util.ReflectionUtils.doWithMethods(ReflectionUtils.java:510)
	at org.springframework.beans.factory.annotation.AutowiredAnnotationBeanPostProcessor.determineCandidateConstructors(AutowiredAnnotationBeanPostProcessor.java:243)
	at org.springframework.beans.factory.support.AbstractAutowireCapableBeanFactory.determineConstructorsFromBeanPostProcessors(AbstractAutowireCapableBeanFactory.java:1074)
	at org.springframework.beans.factory.support.AbstractAutowireCapableBeanFactory.createBeanInstance(AbstractAutowireCapableBeanFactory.java:1047)
	at org.springframework.beans.factory.support.AbstractAutowireCapableBeanFactory.doCreateBean(AbstractAutowireCapableBeanFactory.java:510)
	at org.springframework.beans.factory.support.AbstractAutowireCapableBeanFactory.createBean(AbstractAutowireCapableBeanFactory.java:482)
	at org.springframework.beans.factory.support.AbstractBeanFactory$1.getObject(AbstractBeanFactory.java:306)
	at org.springframework.beans.factory.support.DefaultSingletonBeanRegistry.getSingleton(DefaultSingletonBeanRegistry.java:230)
	at org.springframework.beans.factory.support.AbstractBeanFactory.doGetBean(AbstractBeanFactory.java:302)
	at org.springframework.beans.factory.support.AbstractBeanFactory.getBean(AbstractBeanFactory.java:197)
	at org.springframework.beans.factory.support.DefaultListableBeanFactory.preInstantiateSingletons(DefaultListableBeanFactory.java:751)
	at org.springframework.context.support.AbstractApplicationContext.finishBeanFactoryInitialization(AbstractApplicationContext.java:861)
	at org.springframework.context.support.AbstractApplicationContext.refresh(AbstractApplicationContext.java:541)
	at org.springframework.test.context.support.AbstractGenericContextLoader.loadContext(AbstractGenericContextLoader.java:128)
	at org.springframework.test.context.support.AbstractGenericContextLoader.loadContext(AbstractGenericContextLoader.java:60)
	at org.springframework.test.context.support.AbstractDelegatingSmartContextLoader.delegateLoading(AbstractDelegatingSmartContextLoader.java:108)
	at org.springframework.test.context.support.AbstractDelegatingSmartContextLoader.loadContext(AbstractDelegatingSmartContextLoader.java:251)
	at org.springframework.test.context.cache.DefaultCacheAwareContextLoaderDelegate.loadContextInternal(DefaultCacheAwareContextLoaderDelegate.java:98)
	at org.springframework.test.context.cache.DefaultCacheAwareContextLoaderDelegate.loadContext(DefaultCacheAwareContextLoaderDelegate.java:116)
	at org.springframework.test.context.support.DefaultTestContext.getApplicationContext(DefaultTestContext.java:83)
	at org.springframework.test.context.support.DependencyInjectionTestExecutionListener.injectDependencies(DependencyInjectionTestExecutionListener.java:117)
	at org.springframework.test.context.support.DependencyInjectionTestExecutionListener.prepareTestInstance(DependencyInjectionTestExecutionListener.java:83)
	at org.springframework.test.context.TestContextManager.prepareTestInstance(TestContextManager.java:230)
	at org.springframework.test.context.junit4.SpringJUnit4ClassRunner.createTest(SpringJUnit4ClassRunner.java:228)
	at org.springframework.test.context.junit4.SpringJUnit4ClassRunner$1.runReflectiveCall(SpringJUnit4ClassRunner.java:287)
	at org.junit.internal.runners.model.ReflectiveCallable.run(ReflectiveCallable.java:12)
	at org.springframework.test.context.junit4.SpringJUnit4ClassRunner.methodBlock(SpringJUnit4ClassRunner.java:289)
	at org.springframework.test.context.junit4.SpringJUnit4ClassRunner.runChild(SpringJUnit4ClassRunner.java:247)
	at org.springframework.test.context.junit4.SpringJUnit4ClassRunner.runChild(SpringJUnit4ClassRunner.java:94)
	at org.junit.runners.ParentRunner$3.run(ParentRunner.java:290)
	at org.junit.runners.ParentRunner$1.schedule(ParentRunner.java:71)
	at org.junit.runners.ParentRunner.runChildren(ParentRunner.java:288)
	at org.junit.runners.ParentRunner.access$000(ParentRunner.java:58)
	at org.junit.runners.ParentRunner$2.evaluate(ParentRunner.java:268)
	at org.springframework.test.context.junit4.statements.RunBeforeTestClassCallbacks.evaluate(RunBeforeTestClassCallbacks.java:61)
	at org.springframework.test.context.junit4.statements.RunAfterTestClassCallbacks.evaluate(RunAfterTestClassCallbacks.java:70)
	at org.junit.runners.ParentRunner.run(ParentRunner.java:363)
	at org.springframework.test.context.junit4.SpringJUnit4ClassRunner.run(SpringJUnit4ClassRunner.java:191)
	at org.apache.maven.surefire.junit4.JUnit4Provider.execute(JUnit4Provider.java:252)
	at org.apache.maven.surefire.junit4.JUnit4Provider.executeTestSet(JUnit4Provider.java:141)
	at org.apache.maven.surefire.junit4.JUnit4Provider.invoke(JUnit4Provider.java:112)
	at sun.reflect.NativeMethodAccessorImpl.invoke0(Native Method)
	at sun.reflect.NativeMethodAccessorImpl.invoke(Unknown Source)
	at sun.reflect.DelegatingMethodAccessorImpl.invoke(Unknown Source)
	at java.lang.reflect.Method.invoke(Unknown Source)
	at org.apache.maven.surefire.util.ReflectionUtils.invokeMethodWithArray(ReflectionUtils.java:189)
	at org.apache.maven.surefire.booter.ProviderFactory$ProviderProxy.invoke(ProviderFactory.java:165)
	at org.apache.maven.surefire.booter.ProviderFactory.invokeProvider(ProviderFactory.java:85)
	at org.apache.maven.surefire.booter.ForkedBooter.runSuitesInProcess(ForkedBooter.java:115)
	at org.apache.maven.surefire.booter.ForkedBooter.main(ForkedBooter.java:75)
Caused by: java.lang.ClassNotFoundException: javax.servlet.http.HttpServletRequest
	at java.net.URLClassLoader.findClass(Unknown Source)
	at java.lang.ClassLoader.loadClass(Unknown Source)
	at sun.misc.Launcher$AppClassLoader.loadClass(Unknown Source)
	at java.lang.ClassLoader.loadClass(Unknown Source)
	... 55 more
</error>
    <system-out>[GRYF]2017-09-19 16:58:58,819 INFO [org.springframework.beans.factory.xml.XmlBeanDefinitionReader] - &lt;Loading XML bean definitions from class path resource [applicationContext.xml]&gt;
[GRYF]2017-09-19 16:58:58,854 INFO [org.springframework.beans.factory.xml.XmlBeanDefinitionReader] - &lt;Loading XML bean definitions from class path resource [spring-mybatis.xml]&gt;
[GRYF]2017-09-19 16:58:58,870 INFO [org.springframework.context.support.GenericApplicationContext] - &lt;Refreshing org.springframework.context.support.GenericApplicationContext@2f8dad04: startup date [Tue Sep 19 16:58:58 CST 2017]; root of context hierarchy&gt;
[GRYF]2017-09-19 16:58:58,893 DEBUG [org.mybatis.spring.mapper.ClassPathMapperScanner] - &lt;Identified candidate component class: file [D:\workspace\wefun\target\classes\wefun\dao\mysql\CategoryDAO.class]&gt;
[GRYF]2017-09-19 16:58:58,894 DEBUG [org.mybatis.spring.mapper.ClassPathMapperScanner] - &lt;Identified candidate component class: file [D:\workspace\wefun\target\classes\wefun\dao\mysql\ContentDAO.class]&gt;
[GRYF]2017-09-19 16:58:58,894 DEBUG [org.mybatis.spring.mapper.ClassPathMapperScanner] - &lt;Identified candidate component class: file [D:\workspace\wefun\target\classes\wefun\dao\mysql\InformationDAO.class]&gt;
[GRYF]2017-09-19 16:58:58,894 DEBUG [org.mybatis.spring.mapper.ClassPathMapperScanner] - &lt;Identified candidate component class: file [D:\workspace\wefun\target\classes\wefun\dao\mysql\InviteCodeDAO.class]&gt;
[GRYF]2017-09-19 16:58:58,894 DEBUG [org.mybatis.spring.mapper.ClassPathMapperScanner] - &lt;Identified candidate component class: file [D:\workspace\wefun\target\classes\wefun\dao\mysql\PartnerDAO.class]&gt;
[GRYF]2017-09-19 16:58:58,894 DEBUG [org.mybatis.spring.mapper.ClassPathMapperScanner] - &lt;Identified candidate component class: file [D:\workspace\wefun\target\classes\wefun\dao\mysql\ResourceDAO.class]&gt;
[GRYF]2017-09-19 16:58:58,895 DEBUG [org.mybatis.spring.mapper.ClassPathMapperScanner] - &lt;Identified candidate component class: file [D:\workspace\wefun\target\classes\wefun\dao\mysql\TeamDAO.class]&gt;
[GRYF]2017-09-19 16:58:58,895 DEBUG [org.mybatis.spring.mapper.ClassPathMapperScanner] - &lt;Identified candidate component class: file [D:\workspace\wefun\target\classes\wefun\dao\mysql\UserDAO.class]&gt;
[GRYF]2017-09-19 16:58:58,895 DEBUG [org.mybatis.spring.mapper.ClassPathMapperScanner] - &lt;Creating MapperFactoryBean with name &apos;categoryDAO&apos; and &apos;wefun.dao.mysql.CategoryDAO&apos; mapperInterface&gt;
[GRYF]2017-09-19 16:58:58,895 DEBUG [org.mybatis.spring.mapper.ClassPathMapperScanner] - &lt;Creating MapperFactoryBean with name &apos;contentDAO&apos; and &apos;wefun.dao.mysql.ContentDAO&apos; mapperInterface&gt;
[GRYF]2017-09-19 16:58:58,895 DEBUG [org.mybatis.spring.mapper.ClassPathMapperScanner] - &lt;Creating MapperFactoryBean with name &apos;informationDAO&apos; and &apos;wefun.dao.mysql.InformationDAO&apos; mapperInterface&gt;
[GRYF]2017-09-19 16:58:58,895 DEBUG [org.mybatis.spring.mapper.ClassPathMapperScanner] - &lt;Creating MapperFactoryBean with name &apos;inviteCodeDAO&apos; and &apos;wefun.dao.mysql.InviteCodeDAO&apos; mapperInterface&gt;
[GRYF]2017-09-19 16:58:58,895 DEBUG [org.mybatis.spring.mapper.ClassPathMapperScanner] - &lt;Creating MapperFactoryBean with name &apos;partnerDAO&apos; and &apos;wefun.dao.mysql.PartnerDAO&apos; mapperInterface&gt;
[GRYF]2017-09-19 16:58:58,895 DEBUG [org.mybatis.spring.mapper.ClassPathMapperScanner] - &lt;Creating MapperFactoryBean with name &apos;resourceDAO&apos; and &apos;wefun.dao.mysql.ResourceDAO&apos; mapperInterface&gt;
[GRYF]2017-09-19 16:58:58,896 DEBUG [org.mybatis.spring.mapper.ClassPathMapperScanner] - &lt;Creating MapperFactoryBean with name &apos;teamDAO&apos; and &apos;wefun.dao.mysql.TeamDAO&apos; mapperInterface&gt;
[GRYF]2017-09-19 16:58:58,896 DEBUG [org.mybatis.spring.mapper.ClassPathMapperScanner] - &lt;Creating MapperFactoryBean with name &apos;userDAO&apos; and &apos;wefun.dao.mysql.UserDAO&apos; mapperInterface&gt;
[GRYF]2017-09-19 16:58:58,900 INFO [org.springframework.context.support.PropertySourcesPlaceholderConfigurer] - &lt;Loading properties file from class path resource [jdbc.properties]&gt;
[GRYF]2017-09-19 16:58:58,900 INFO [org.springframework.context.support.PropertySourcesPlaceholderConfigurer] - &lt;Loading properties file from class path resource [ali.properties]&gt;
[GRYF]2017-09-19 16:58:58,911 ERROR [org.springframework.test.context.TestContextManager] - &lt;Caught exception while allowing TestExecutionListener [org.springframework.test.context.support.DependencyInjectionTestExecutionListener@4fe3c938] to prepare test instance [wefun.CategoryDAOTest@66f57048]&gt;
java.lang.NoClassDefFoundError: javax/servlet/http/HttpServletRequest
	at java.lang.Class.getDeclaredMethods0(Native Method)
	at java.lang.Class.privateGetDeclaredMethods(Unknown Source)
	at java.lang.Class.getDeclaredMethods(Unknown Source)
	at org.springframework.util.ReflectionUtils.getDeclaredMethods(ReflectionUtils.java:612)
	at org.springframework.util.ReflectionUtils.doWithMethods(ReflectionUtils.java:524)
	at org.springframework.util.ReflectionUtils.doWithMethods(ReflectionUtils.java:510)
	at org.springframework.beans.factory.annotation.AutowiredAnnotationBeanPostProcessor.determineCandidateConstructors(AutowiredAnnotationBeanPostProcessor.java:243)
	at org.springframework.beans.factory.support.AbstractAutowireCapableBeanFactory.determineConstructorsFromBeanPostProcessors(AbstractAutowireCapableBeanFactory.java:1074)
	at org.springframework.beans.factory.support.AbstractAutowireCapableBeanFactory.createBeanInstance(AbstractAutowireCapableBeanFactory.java:1047)
	at org.springframework.beans.factory.support.AbstractAutowireCapableBeanFactory.doCreateBean(AbstractAutowireCapableBeanFactory.java:510)
	at org.springframework.beans.factory.support.AbstractAutowireCapableBeanFactory.createBean(AbstractAutowireCapableBeanFactory.java:482)
	at org.springframework.beans.factory.support.AbstractBeanFactory$1.getObject(AbstractBeanFactory.java:306)
	at org.springframework.beans.factory.support.DefaultSingletonBeanRegistry.getSingleton(DefaultSingletonBeanRegistry.java:230)
	at org.springframework.beans.factory.support.AbstractBeanFactory.doGetBean(AbstractBeanFactory.java:302)
	at org.springframework.beans.factory.support.AbstractBeanFactory.getBean(AbstractBeanFactory.java:197)
	at org.springframework.beans.factory.support.DefaultListableBeanFactory.preInstantiateSingletons(DefaultListableBeanFactory.java:751)
	at org.springframework.context.support.AbstractApplicationContext.finishBeanFactoryInitialization(AbstractApplicationContext.java:861)
	at org.springframework.context.support.AbstractApplicationContext.refresh(AbstractApplicationContext.java:541)
	at org.springframework.test.context.support.AbstractGenericContextLoader.loadContext(AbstractGenericContextLoader.java:128)
	at org.springframework.test.context.support.AbstractGenericContextLoader.loadContext(AbstractGenericContextLoader.java:60)
	at org.springframework.test.context.support.AbstractDelegatingSmartContextLoader.delegateLoading(AbstractDelegatingSmartContextLoader.java:108)
	at org.springframework.test.context.support.AbstractDelegatingSmartContextLoader.loadContext(AbstractDelegatingSmartContextLoader.java:251)
	at org.springframework.test.context.cache.DefaultCacheAwareContextLoaderDelegate.loadContextInternal(DefaultCacheAwareContextLoaderDelegate.java:98)
	at org.springframework.test.context.cache.DefaultCacheAwareContextLoaderDelegate.loadContext(DefaultCacheAwareContextLoaderDelegate.java:116)
	at org.springframework.test.context.support.DefaultTestContext.getApplicationContext(DefaultTestContext.java:83)
	at org.springframework.test.context.support.DependencyInjectionTestExecutionListener.injectDependencies(DependencyInjectionTestExecutionListener.java:117)
	at org.springframework.test.context.support.DependencyInjectionTestExecutionListener.prepareTestInstance(DependencyInjectionTestExecutionListener.java:83)
	at org.springframework.test.context.TestContextManager.prepareTestInstance(TestContextManager.java:230)
	at org.springframework.test.context.junit4.SpringJUnit4ClassRunner.createTest(SpringJUnit4ClassRunner.java:228)
	at org.springframework.test.context.junit4.SpringJUnit4ClassRunner$1.runReflectiveCall(SpringJUnit4ClassRunner.java:287)
	at org.junit.internal.runners.model.ReflectiveCallable.run(ReflectiveCallable.java:12)
	at org.springframework.test.context.junit4.SpringJUnit4ClassRunner.methodBlock(SpringJUnit4ClassRunner.java:289)
	at org.springframework.test.context.junit4.SpringJUnit4ClassRunner.runChild(SpringJUnit4ClassRunner.java:247)
	at org.springframework.test.context.junit4.SpringJUnit4ClassRunner.runChild(SpringJUnit4ClassRunner.java:94)
	at org.junit.runners.ParentRunner$3.run(ParentRunner.java:290)
	at org.junit.runners.ParentRunner$1.schedule(ParentRunner.java:71)
	at org.junit.runners.ParentRunner.runChildren(ParentRunner.java:288)
	at org.junit.runners.ParentRunner.access$000(ParentRunner.java:58)
	at org.junit.runners.ParentRunner$2.evaluate(ParentRunner.java:268)
	at org.springframework.test.context.junit4.statements.RunBeforeTestClassCallbacks.evaluate(RunBeforeTestClassCallbacks.java:61)
	at org.springframework.test.context.junit4.statements.RunAfterTestClassCallbacks.evaluate(RunAfterTestClassCallbacks.java:70)
	at org.junit.runners.ParentRunner.run(ParentRunner.java:363)
	at org.springframework.test.context.junit4.SpringJUnit4ClassRunner.run(SpringJUnit4ClassRunner.java:191)
	at org.apache.maven.surefire.junit4.JUnit4Provider.execute(JUnit4Provider.java:252)
	at org.apache.maven.surefire.junit4.JUnit4Provider.executeTestSet(JUnit4Provider.java:141)
	at org.apache.maven.surefire.junit4.JUnit4Provider.invoke(JUnit4Provider.java:112)
	at sun.reflect.NativeMethodAccessorImpl.invoke0(Native Method)
	at sun.reflect.NativeMethodAccessorImpl.invoke(Unknown Source)
	at sun.reflect.DelegatingMethodAccessorImpl.invoke(Unknown Source)
	at java.lang.reflect.Method.invoke(Unknown Source)
	at org.apache.maven.surefire.util.ReflectionUtils.invokeMethodWithArray(ReflectionUtils.java:189)
	at org.apache.maven.surefire.booter.ProviderFactory$ProviderProxy.invoke(ProviderFactory.java:165)
	at org.apache.maven.surefire.booter.ProviderFactory.invokeProvider(ProviderFactory.java:85)
	at org.apache.maven.surefire.booter.ForkedBooter.runSuitesInProcess(ForkedBooter.java:115)
	at org.apache.maven.surefire.booter.ForkedBooter.main(ForkedBooter.java:75)
Caused by: java.lang.ClassNotFoundException: javax.servlet.http.HttpServletRequest
	at java.net.URLClassLoader.findClass(Unknown Source)
	at java.lang.ClassLoader.loadClass(Unknown Source)
	at sun.misc.Launcher$AppClassLoader.loadClass(Unknown Source)
	at java.lang.ClassLoader.loadClass(Unknown Source)
	... 55 more
</system-out>
  </testcase>
</testsuite>